build/app/intermediates/manifest_merge_blame_file/debug/manifest-merger-blame-debug-report.txt
1<?xml version="1.0" encoding="utf-8"?>
2<manifest xmlns:android="http://schemas.android.com/apk/res/android"
3    package="com.example.news_app_api"
4    android:versionCode="1"
5    android:versionName="1.0.0" >
6
7    <uses-sdk
8        android:minSdkVersion="16"
9        android:targetSdkVersion="28" />
10    <!--
11         Flutter needs it to communicate with the running application
12         to allow setting breakpoints, to provide hot reload, etc.
13    -->
14    <uses-permission android:name="android.permission.INTERNET" />
14-->src\debug\AndroidManifest.xml:6:5-66
14-->src\debug\AndroidManifest.xml:6:22-64
15    <!--
16     io.flutter.app.FlutterApplication is an android.app.Application that
17         calls FlutterMain.startInitialization(this); in its onCreate method.
18         In most cases you can leave this as-is, but you if you want to provide
19         additional functionality it is fine to subclass or reimplement
20         FlutterApplication and put your custom class here.
21    -->
22    <uses-permission android:name="android.permission.WRITE_EXTERNAL_STORAGE" />
22-->src\main\AndroidManifest.xml:8:5-80
22-->src\main\AndroidManifest.xml:8:22-78
23    <uses-permission android:name="android.permission.READ_EXTERNAL_STORAGE" />
23-->src\main\AndroidManifest.xml:9:5-79
23-->src\main\AndroidManifest.xml:9:22-77
24
25    <application
25-->src\main\AndroidManifest.xml:11:5-32:19
26        android:name="io.flutter.app.FlutterApplication"
26-->src\main\AndroidManifest.xml:12:9-57
27        android:appComponentFactory="androidx.core.app.CoreComponentFactory"
27-->[androidx.core:core:1.3.1] AndroidManifest.xml:24:18-86
28        android:debuggable="true"
29        android:icon="@mipmap/ic_launcher"
29-->src\main\AndroidManifest.xml:14:9-43
30        android:label="news_app_api" >
30-->src\main\AndroidManifest.xml:13:9-37
31        <activity
31-->src\main\AndroidManifest.xml:15:9-26:20
32            android:name="com.example.news_app_api.MainActivity"
32-->src\main\AndroidManifest.xml:16:13-41
33            android:configChanges="orientation|keyboardHidden|keyboard|screenSize|smallestScreenSize|locale|layoutDirection|fontScale|screenLayout|density|uiMode"
33-->src\main\AndroidManifest.xml:19:13-163
34            android:hardwareAccelerated="true"
34-->src\main\AndroidManifest.xml:20:13-47
35            android:launchMode="singleTop"
35-->src\main\AndroidManifest.xml:17:13-43
36            android:theme="@style/LaunchTheme"
36-->src\main\AndroidManifest.xml:18:13-47
37            android:windowSoftInputMode="adjustResize" >
37-->src\main\AndroidManifest.xml:21:13-55
38            <intent-filter>
38-->src\main\AndroidManifest.xml:22:13-25:29
39                <action android:name="android.intent.action.MAIN" />
39-->src\main\AndroidManifest.xml:23:17-68
39-->src\main\AndroidManifest.xml:23:25-66
40
41                <category android:name="android.intent.category.LAUNCHER" />
41-->src\main\AndroidManifest.xml:24:17-76
41-->src\main\AndroidManifest.xml:24:27-74
42            </intent-filter>
43        </activity>
44        <!--
45             Don't delete the meta-data below.
46             This is used by the Flutter tool to generate GeneratedPluginRegistrant.java
47        -->
48        <meta-data
48-->src\main\AndroidManifest.xml:29:9-31:33
49            android:name="flutterEmbedding"
49-->src\main\AndroidManifest.xml:30:13-44
50            android:value="2" />
50-->src\main\AndroidManifest.xml:31:13-30
51
52        <activity
52-->[:url_launcher] AndroidManifest.xml:8:9-11:74
53            android:name="io.flutter.plugins.urllauncher.WebViewActivity"
53-->[:url_launcher] AndroidManifest.xml:9:13-74
54            android:exported="false"
54-->[:url_launcher] AndroidManifest.xml:10:13-37
55            android:theme="@android:style/Theme.NoTitleBar.Fullscreen" />
55-->[:url_launcher] AndroidManifest.xml:11:13-71
56
57        <provider
57-->[:share_plus] AndroidManifest.xml:8:9-16:20
58            android:name="dev.fluttercommunity.plus.share.ShareFileProvider"
58-->[:share_plus] AndroidManifest.xml:9:13-77
59            android:authorities="com.example.news_app_api.flutter.share_provider"
59-->[:share_plus] AndroidManifest.xml:10:13-74
60            android:exported="false"
60-->[:share_plus] AndroidManifest.xml:11:13-37
61            android:grantUriPermissions="true" >
61-->[:share_plus] AndroidManifest.xml:12:13-47
62            <meta-data
62-->[:share_plus] AndroidManifest.xml:13:13-15:68
63                android:name="android.support.FILE_PROVIDER_PATHS"
63-->[:share_plus] AndroidManifest.xml:14:17-67
64                android:resource="@xml/flutter_share_file_paths" />
64-->[:share_plus] AndroidManifest.xml:15:17-65
65        </provider>
66    </application>
67
68</manifest>